# JRE version: OpenJDK Runtime Environment (8.0_242-b01) (build 1.8.0_242-release-1644-b01)
# Java VM: OpenJDK 64-Bit Server VM (25.242-b01 mixed mode windows-amd64 compressed oops)
Heap:
 PSYoungGen      total 569856K, used 186321K [0x00000000d5580000, 0x00000000fdf00000, 0x0000000100000000)
  eden space 514048K, 33% used [0x00000000d5580000,0x00000000dffa84d0,0x00000000f4b80000)
  from space 55808K, 21% used [0x00000000f4b80000,0x00000000f574c1e8,0x00000000f8200000)
  to   space 53248K, 0% used [0x00000000fab00000,0x00000000fab00000,0x00000000fdf00000)
 ParOldGen       total 241152K, used 82285K [0x0000000080000000, 0x000000008eb80000, 0x00000000d5580000)
  object space 241152K, 34% used [0x0000000080000000,0x000000008505b490,0x000000008eb80000)
 Metaspace       used 102269K, capacity 107936K, committed 108440K, reserved 1142784K
  class space    used 13094K, capacity 14108K, committed 14256K, reserved 1048576K
GC Heap History (10 events):
Event: 444.814 GC heap before
{Heap before GC invocations=32 (full 5):
 PSYoungGen      total 486400K, used 453589K [0x00000000d5580000, 0x00000000f7480000, 0x0000000100000000)
  eden space 433152K, 100% used [0x00000000d5580000,0x00000000efc80000,0x00000000efc80000)
  from space 53248K, 38% used [0x00000000f4080000,0x00000000f54755d0,0x00000000f7480000)
  to   space 61440K, 0% used [0x00000000efc80000,0x00000000efc80000,0x00000000f3880000)
 ParOldGen       total 241152K, used 82245K [0x0000000080000000, 0x000000008eb80000, 0x00000000d5580000)
  object space 241152K, 34% used [0x0000000080000000,0x0000000085051490,0x000000008eb80000)
 Metaspace       used 100401K, capacity 105476K, committed 106392K, reserved 1140736K
  class space    used 12993K, capacity 13930K, committed 14256K, reserved 1048576K
Event: 444.885 GC heap after
Heap after GC invocations=32 (full 5):
 PSYoungGen      total 494592K, used 1936K [0x00000000d5580000, 0x00000000f9e00000, 0x0000000100000000)
  eden space 433152K, 0% used [0x00000000d5580000,0x00000000d5580000,0x00000000efc80000)
  from space 61440K, 3% used [0x00000000efc80000,0x00000000efe64168,0x00000000f3880000)
  to   space 59904K, 0% used [0x00000000f6380000,0x00000000f6380000,0x00000000f9e00000)
 ParOldGen       total 241152K, used 82253K [0x0000000080000000, 0x000000008eb80000, 0x00000000d5580000)
  object space 241152K, 34% used [0x0000000080000000,0x0000000085053490,0x000000008eb80000)
 Metaspace       used 100401K, capacity 105476K, committed 106392K, reserved 1140736K
  class space    used 12993K, capacity 13930K, committed 14256K, reserved 1048576K
}
Event: 2078.245 GC heap before
{Heap before GC invocations=33 (full 5):
 PSYoungGen      total 494592K, used 435088K [0x00000000d5580000, 0x00000000f9e00000, 0x0000000100000000)
  eden space 433152K, 100% used [0x00000000d5580000,0x00000000efc80000,0x00000000efc80000)
  from space 61440K, 3% used [0x00000000efc80000,0x00000000efe64168,0x00000000f3880000)
  to   space 59904K, 0% used [0x00000000f6380000,0x00000000f6380000,0x00000000f9e00000)
 ParOldGen       total 241152K, used 82253K [0x0000000080000000, 0x000000008eb80000, 0x00000000d5580000)
  object space 241152K, 34% used [0x0000000080000000,0x0000000085053490,0x000000008eb80000)
 Metaspace       used 101116K, capacity 106464K, committed 107160K, reserved 1142784K
  class space    used 13029K, capacity 13996K, committed 14256K, reserved 1048576K
Event: 2078.601 GC heap after
Heap after GC invocations=33 (full 5):
 PSYoungGen      total 518144K, used 6864K [0x00000000d5580000, 0x00000000f9200000, 0x0000000100000000)
  eden space 470528K, 0% used [0x00000000d5580000,0x00000000d5580000,0x00000000f2100000)
  from space 47616K, 14% used [0x00000000f6380000,0x00000000f6a34050,0x00000000f9200000)
  to   space 57856K, 0% used [0x00000000f2100000,0x00000000f2100000,0x00000000f5980000)
 ParOldGen       total 241152K, used 82261K [0x0000000080000000, 0x000000008eb80000, 0x00000000d5580000)
  object space 241152K, 34% used [0x0000000080000000,0x0000000085055490,0x000000008eb80000)
 Metaspace       used 101116K, capacity 106464K, committed 107160K, reserved 1142784K
  class space    used 13029K, capacity 13996K, committed 14256K, reserved 1048576K
}
Event: 2095.243 GC heap before
{Heap before GC invocations=34 (full 5):
 PSYoungGen      total 518144K, used 477392K [0x00000000d5580000, 0x00000000f9200000, 0x0000000100000000)
  eden space 470528K, 100% used [0x00000000d5580000,0x00000000f2100000,0x00000000f2100000)
  from space 47616K, 14% used [0x00000000f6380000,0x00000000f6a34050,0x00000000f9200000)
  to   space 57856K, 0% used [0x00000000f2100000,0x00000000f2100000,0x00000000f5980000)
 ParOldGen       total 241152K, used 82261K [0x0000000080000000, 0x000000008eb80000, 0x00000000d5580000)
  object space 241152K, 34% used [0x0000000080000000,0x0000000085055490,0x000000008eb80000)
 Metaspace       used 101588K, capacity 107022K, committed 107672K, reserved 1142784K
  class space    used 13041K, capacity 14011K, committed 14256K, reserved 1048576K
Event: 2095.718 GC heap after
Heap after GC invocations=34 (full 5):
 PSYoungGen      total 528384K, used 32074K [0x00000000d5580000, 0x00000000fc800000, 0x0000000100000000)
  eden space 470528K, 0% used [0x00000000d5580000,0x00000000d5580000,0x00000000f2100000)
  from space 57856K, 55% used [0x00000000f2100000,0x00000000f4052b40,0x00000000f5980000)
  to   space 59392K, 0% used [0x00000000f8e00000,0x00000000f8e00000,0x00000000fc800000)
 ParOldGen       total 241152K, used 82269K [0x0000000080000000, 0x000000008eb80000, 0x00000000d5580000)
  object space 241152K, 34% used [0x0000000080000000,0x0000000085057490,0x000000008eb80000)
 Metaspace       used 101588K, capacity 107022K, committed 107672K, reserved 1142784K
  class space    used 13041K, capacity 14011K, committed 14256K, reserved 1048576K
}
Event: 2567.591 GC heap before
{Heap before GC invocations=35 (full 5):
 PSYoungGen      total 528384K, used 502602K [0x00000000d5580000, 0x00000000fc800000, 0x0000000100000000)
  eden space 470528K, 100% used [0x00000000d5580000,0x00000000f2100000,0x00000000f2100000)
  from space 57856K, 55% used [0x00000000f2100000,0x00000000f4052b40,0x00000000f5980000)
  to   space 59392K, 0% used [0x00000000f8e00000,0x00000000f8e00000,0x00000000fc800000)
 ParOldGen       total 241152K, used 82269K [0x0000000080000000, 0x000000008eb80000, 0x00000000d5580000)
  object space 241152K, 34% used [0x0000000080000000,0x0000000085057490,0x000000008eb80000)
 Metaspace       used 101858K, capacity 107362K, committed 107928K, reserved 1142784K
  class space    used 13060K, capacity 14045K, committed 14256K, reserved 1048576K
Event: 2567.707 GC heap after
Heap after GC invocations=35 (full 5):
 PSYoungGen      total 557568K, used 19452K [0x00000000d5580000, 0x00000000fb880000, 0x0000000100000000)
  eden space 514048K, 0% used [0x00000000d5580000,0x00000000d5580000,0x00000000f4b80000)
  from space 43520K, 44% used [0x00000000f8e00000,0x00000000fa0ff1a8,0x00000000fb880000)
  to   space 55808K, 0% used [0x00000000f4b80000,0x00000000f4b80000,0x00000000f8200000)
 ParOldGen       total 241152K, used 82277K [0x0000000080000000, 0x000000008eb80000, 0x00000000d5580000)
  object space 241152K, 34% used [0x0000000080000000,0x0000000085059490,0x000000008eb80000)
 Metaspace       used 101858K, capacity 107362K, committed 107928K, reserved 1142784K
  class space    used 13060K, capacity 14045K, committed 14256K, reserved 1048576K
}
Event: 2611.480 GC heap before
{Heap before GC invocations=36 (full 5):
 PSYoungGen      total 557568K, used 533500K [0x00000000d5580000, 0x00000000fb880000, 0x0000000100000000)
  eden space 514048K, 100% used [0x00000000d5580000,0x00000000f4b80000,0x00000000f4b80000)
  from space 43520K, 44% used [0x00000000f8e00000,0x00000000fa0ff1a8,0x00000000fb880000)
  to   space 55808K, 0% used [0x00000000f4b80000,0x00000000f4b80000,0x00000000f8200000)
 ParOldGen       total 241152K, used 82277K [0x0000000080000000, 0x000000008eb80000, 0x00000000d5580000)
  object space 241152K, 34% used [0x0000000080000000,0x0000000085059490,0x000000008eb80000)
 Metaspace       used 102181K, capacity 107834K, committed 108184K, reserved 1142784K
  class space    used 13085K, capacity 14091K, committed 14256K, reserved 1048576K
Event: 2611.777 GC heap after
Heap after GC invocations=36 (full 5):
 PSYoungGen      total 569856K, used 12080K [0x00000000d5580000, 0x00000000fdf00000, 0x0000000100000000)
  eden space 514048K, 0% used [0x00000000d5580000,0x00000000d5580000,0x00000000f4b80000)
  from space 55808K, 21% used [0x00000000f4b80000,0x00000000f574c1e8,0x00000000f8200000)
  to   space 53248K, 0% used [0x00000000fab00000,0x00000000fab00000,0x00000000fdf00000)
 ParOldGen       total 241152K, used 82285K [0x0000000080000000, 0x000000008eb80000, 0x00000000d5580000)
  object space 241152K, 34% used [0x0000000080000000,0x000000008505b490,0x000000008eb80000)
 Metaspace       used 102181K, capacity 107834K, committed 108184K, reserved 1142784K
  class space    used 13085K, capacity 14091K, committed 14256K, reserved 1048576K
}

